# JRE version: OpenJDK Runtime Environment (11.0.10) (build 11.0.10+0-b96-7249189)
# Java VM: OpenJDK 64-Bit Server VM (11.0.10+0-b96-7249189, mixed mode, tiered, compressed oops, g1 gc, windows-amd64)
Heap:
 garbage-first heap   total 122880K, used 81048K [0x0000000080000000, 0x0000000100000000)
  region size 1024K, 33 young (33792K), 5 survivors (5120K)
 Metaspace       used 64544K, capacity 66032K, committed 66124K, reserved 1105920K
  class space    used 8184K, capacity 8746K, committed 8780K, reserved 1048576K
GC Heap History (20 events):
Event: 7.533 GC heap before
{Heap before GC invocations=4 (full 0):
 garbage-first heap   total 122880K, used 64135K [0x0000000080000000, 0x0000000100000000)
  region size 1024K, 48 young (49152K), 2 survivors (2048K)
 Metaspace       used 25361K, capacity 26030K, committed 26112K, reserved 1071104K
  class space    used 3304K, capacity 3534K, committed 3584K, reserved 1048576K
}
Event: 7.537 GC heap after
{Heap after GC invocations=5 (full 0):
 garbage-first heap   total 122880K, used 18531K [0x0000000080000000, 0x0000000100000000)
  region size 1024K, 3 young (3072K), 3 survivors (3072K)
 Metaspace       used 25361K, capacity 26030K, committed 26112K, reserved 1071104K
  class space    used 3304K, capacity 3534K, committed 3584K, reserved 1048576K
}
Event: 8.592 GC heap before
{Heap before GC invocations=5 (full 0):
 garbage-first heap   total 122880K, used 72803K [0x0000000080000000, 0x0000000100000000)
  region size 1024K, 56 young (57344K), 3 survivors (3072K)
 Metaspace       used 31529K, capacity 32292K, committed 32384K, reserved 1077248K
  class space    used 4174K, capacity 4409K, committed 4480K, reserved 1048576K
}
Event: 8.596 GC heap after
{Heap after GC invocations=6 (full 0):
 garbage-first heap   total 122880K, used 20713K [0x0000000080000000, 0x0000000100000000)
  region size 1024K, 5 young (5120K), 5 survivors (5120K)
 Metaspace       used 31529K, capacity 32292K, committed 32384K, reserved 1077248K
  class space    used 4174K, capacity 4409K, committed 4480K, reserved 1048576K
}
Event: 8.866 GC heap before
{Heap before GC invocations=6 (full 0):
 garbage-first heap   total 122880K, used 29929K [0x0000000080000000, 0x0000000100000000)
  region size 1024K, 15 young (15360K), 5 survivors (5120K)
 Metaspace       used 35045K, capacity 35822K, committed 35840K, reserved 1081344K
  class space    used 4541K, capacity 4864K, committed 4864K, reserved 1048576K
}
Event: 8.873 GC heap after
{Heap after GC invocations=7 (full 0):
 garbage-first heap   total 122880K, used 22343K [0x0000000080000000, 0x0000000100000000)
  region size 1024K, 6 young (6144K), 6 survivors (6144K)
 Metaspace       used 35045K, capacity 35822K, committed 35840K, reserved 1081344K
  class space    used 4541K, capacity 4864K, committed 4864K, reserved 1048576K
}
Event: 9.685 GC heap before
{Heap before GC invocations=8 (full 0):
 garbage-first heap   total 122880K, used 73543K [0x0000000080000000, 0x0000000100000000)
  region size 1024K, 54 young (55296K), 6 survivors (6144K)
 Metaspace       used 38674K, capacity 39623K, committed 39884K, reserved 1083392K
  class space    used 4928K, capacity 5251K, committed 5324K, reserved 1048576K
}
Event: 9.696 GC heap after
{Heap after GC invocations=9 (full 0):
 garbage-first heap   total 122880K, used 26067K [0x0000000080000000, 0x0000000100000000)
  region size 1024K, 7 young (7168K), 7 survivors (7168K)
 Metaspace       used 38674K, capacity 39623K, committed 39884K, reserved 1083392K
  class space    used 4928K, capacity 5251K, committed 5324K, reserved 1048576K
}
Event: 10.654 GC heap before
{Heap before GC invocations=9 (full 0):
 garbage-first heap   total 122880K, used 78291K [0x0000000080000000, 0x0000000100000000)
  region size 1024K, 57 young (58368K), 7 survivors (7168K)
 Metaspace       used 43337K, capacity 44387K, committed 44620K, reserved 1087488K
  class space    used 5531K, capacity 5896K, committed 5964K, reserved 1048576K
}
Event: 10.661 GC heap after
{Heap after GC invocations=10 (full 0):
 garbage-first heap   total 122880K, used 28569K [0x0000000080000000, 0x0000000100000000)
  region size 1024K, 6 young (6144K), 6 survivors (6144K)
 Metaspace       used 43337K, capacity 44387K, committed 44620K, reserved 1087488K
  class space    used 5531K, capacity 5896K, committed 5964K, reserved 1048576K
}
Event: 12.949 GC heap before
{Heap before GC invocations=10 (full 0):
 garbage-first heap   total 122880K, used 80793K [0x0000000080000000, 0x0000000100000000)
  region size 1024K, 57 young (58368K), 6 survivors (6144K)
 Metaspace       used 46742K, capacity 48000K, committed 48204K, reserved 1091584K
  class space    used 5986K, capacity 6438K, committed 6476K, reserved 1048576K
}
Event: 12.959 GC heap after
{Heap after GC invocations=11 (full 0):
 garbage-first heap   total 122880K, used 31236K [0x0000000080000000, 0x0000000100000000)
  region size 1024K, 5 young (5120K), 5 survivors (5120K)
 Metaspace       used 46742K, capacity 48000K, committed 48204K, reserved 1091584K
  class space    used 5986K, capacity 6438K, committed 6476K, reserved 1048576K
}
Event: 22.914 GC heap before
{Heap before GC invocations=11 (full 0):
 garbage-first heap   total 122880K, used 91652K [0x0000000080000000, 0x0000000100000000)
  region size 1024K, 57 young (58368K), 5 survivors (5120K)
 Metaspace       used 50482K, capacity 51807K, committed 52044K, reserved 1093632K
  class space    used 6435K, capacity 6920K, committed 6988K, reserved 1048576K
}
Event: 22.923 GC heap after
{Heap after GC invocations=12 (full 0):
 garbage-first heap   total 122880K, used 47436K [0x0000000080000000, 0x0000000100000000)
  region size 1024K, 8 young (8192K), 8 survivors (8192K)
 Metaspace       used 50482K, capacity 51807K, committed 52044K, reserved 1093632K
  class space    used 6435K, capacity 6920K, committed 6988K, reserved 1048576K
}
Event: 23.834 GC heap before
{Heap before GC invocations=12 (full 0):
 garbage-first heap   total 122880K, used 90444K [0x0000000080000000, 0x0000000100000000)
  region size 1024K, 50 young (51200K), 8 survivors (8192K)
 Metaspace       used 56602K, capacity 57992K, committed 58188K, reserved 1099776K
  class space    used 7188K, capacity 7720K, committed 7756K, reserved 1048576K
}
Event: 23.842 GC heap after
{Heap after GC invocations=13 (full 0):
 garbage-first heap   total 122880K, used 49464K [0x0000000080000000, 0x0000000100000000)
  region size 1024K, 2 young (2048K), 2 survivors (2048K)
 Metaspace       used 56602K, capacity 57992K, committed 58188K, reserved 1099776K
  class space    used 7188K, capacity 7720K, committed 7756K, reserved 1048576K
}
Event: 24.135 GC heap before
{Heap before GC invocations=13 (full 0):
 garbage-first heap   total 122880K, used 58680K [0x0000000080000000, 0x0000000100000000)
  region size 1024K, 12 young (12288K), 2 survivors (2048K)
 Metaspace       used 58688K, capacity 60215K, committed 60236K, reserved 1101824K
  class space    used 7439K, capacity 7992K, committed 8012K, reserved 1048576K
}
Event: 24.140 GC heap after
{Heap after GC invocations=14 (full 0):
 garbage-first heap   total 122880K, used 50420K [0x0000000080000000, 0x0000000100000000)
  region size 1024K, 3 young (3072K), 3 survivors (3072K)
 Metaspace       used 58688K, capacity 60215K, committed 60236K, reserved 1101824K
  class space    used 7439K, capacity 7992K, committed 8012K, reserved 1048576K
}
Event: 24.785 GC heap before
{Heap before GC invocations=15 (full 0):
 garbage-first heap   total 122880K, used 85236K [0x0000000080000000, 0x0000000100000000)
  region size 1024K, 38 young (38912K), 3 survivors (3072K)
 Metaspace       used 61858K, capacity 63325K, committed 63436K, reserved 1103872K
  class space    used 7823K, capacity 8360K, committed 8396K, reserved 1048576K
}
Event: 24.790 GC heap after
{Heap after GC invocations=16 (full 0):
 garbage-first heap   total 122880K, used 53400K [0x0000000080000000, 0x0000000100000000)
  region size 1024K, 5 young (5120K), 5 survivors (5120K)
 Metaspace       used 61858K, capacity 63325K, committed 63436K, reserved 1103872K
  class space    used 7823K, capacity 8360K, committed 8396K, reserved 1048576K
}

